RAW: product_id=4
POST: Array
(
)

RAW: product_id=4
POST: Array
(
)

RAW: product_id=1
POST: Array
(
)

RAW: product_id=1
POST: Array
(
)

RAW: {"product_id":"1"}
POST: Array
(
)

RAW: {"product_id":"2"}
POST: Array
(
)

RAW: {"product_id":"4"}
POST: Array
(
)

RAW: {"product_id":"4"}
POST: Array
(
)

RAW: {"product_id":"4"}
POST: Array
(
)

RAW: {"product_id":"2"}
POST: Array
(
)

RAW: {"product_id":"4"}
POST: Array
(
)

RAW: {"product_id":"4"}
POST: Array
(
)

RAW: {"product_id":"2"}
POST: Array
(
)

RAW: {"product_id":"4"}
POST: Array
(
)

RAW: {"product_id":"2"}
POST: Array
(
)

RAW: {"product_id":"2"}
POST: Array
(
)

RAW: {"product_id":"3"}
POST: Array
(
)

RAW: {"product_id":"1"}
POST: Array
(
)

RAW: {"product_id":"4"}
POST: Array
(
)

RAW: {"product_id":"4"}
POST: Array
(
)

